{
  "stats": {
    "suites": 1,
    "tests": 11,
    "passes": 11,
    "pending": 0,
    "failures": 0,
    "start": "2021-06-04T14:25:52.440Z",
    "end": "2021-06-04T14:26:42.434Z",
    "duration": 49994,
    "testsRegistered": 11,
    "passPercent": 100,
    "pendingPercent": 0,
    "other": 0,
    "hasOther": false,
    "skipped": 0,
    "hasSkipped": false
  },
  "results": [
    {
      "uuid": "4effb220-79dc-4e28-b2ce-045b348c7165",
      "title": "",
      "fullFile": "cypress/integration/test/regression.spec.js",
      "file": "cypress/integration/test/regression.spec.js",
      "beforeHooks": [],
      "afterHooks": [],
      "tests": [],
      "suites": [
        {
          "uuid": "8a379d5d-8f55-4028-b244-78b41ba9d56b",
          "title": "Doing regression testing on flight booking app",
          "fullFile": "",
          "file": "",
          "beforeHooks": [],
          "afterHooks": [],
          "tests": [
            {
              "title": "Searching without to date and validate results",
              "fullTitle": "Doing regression testing on flight booking app Searching without to date and validate results",
              "timedOut": null,
              "duration": 5682,
              "state": "passed",
              "speed": "slow",
              "pass": true,
              "fail": false,
              "pending": false,
              "context": null,
              "code": "searchFlights.visit(_testData.testData.url);\nsearchFlights.checkForImage();\nsearchFlights.enterOriginCity(_testData.testData.fromCity);\nsearchFlights.enterDesitnationCity(_testData.testData.toCity);\nsearchFlights.enterTravelFromDate(_testData.testData.fromDate);\nsearchFlights.clickSearchBtn();\nvalidateResults.validatePageHeader();\nvalidateResults.validateFlightPrice();\nvalidateResults.validateOriginCity(_testData.testData.fromCity);\nvalidateResults.validateDestinationCity(_testData.testData.toCity);\nvalidateResults.validateJourneyType();\nvalidateResults.validateFlightPrice();\nvalidateResults.validateFlightCarrierName();\nvalidateResults.validateLowestPriceTicket();",
              "err": {},
              "uuid": "728cc940-458e-4bda-96b8-b0f640593322",
              "parentUUID": "8a379d5d-8f55-4028-b244-78b41ba9d56b",
              "isHook": false,
              "skipped": false
            },
            {
              "title": "Searching with from & to date and validate results",
              "fullTitle": "Doing regression testing on flight booking app Searching with from & to date and validate results",
              "timedOut": null,
              "duration": 4569,
              "state": "passed",
              "speed": "slow",
              "pass": true,
              "fail": false,
              "pending": false,
              "context": null,
              "code": "searchFlights.visit(_testData.testData.url);\nsearchFlights.checkForImage();\nsearchFlights.enterOriginCity(_testData.testData.fromCity);\nsearchFlights.enterDesitnationCity(_testData.testData.toCity);\nsearchFlights.enterTravelFromDate(_testData.testData.fromDate);\nsearchFlights.enterTravelToDate(_testData.testData.toDate);\nsearchFlights.clickSearchBtn();\nvalidateResults.validatePageHeader();\nvalidateResults.validateFlightPrice();\nvalidateResults.validateOriginCity(_testData.testData.fromCity);\nvalidateResults.validateDestinationCity(_testData.testData.toCity);\nvalidateResults.validateJourneyType();\nvalidateResults.validateFlightPrice();\nvalidateResults.validateFlightCarrierName();\nvalidateResults.validateLowestPriceTicket();",
              "err": {},
              "uuid": "a799b84c-4177-4cdb-a582-4d40d102420b",
              "parentUUID": "8a379d5d-8f55-4028-b244-78b41ba9d56b",
              "isHook": false,
              "skipped": false
            },
            {
              "title": "Searching with same origin & destination city and validate results",
              "fullTitle": "Doing regression testing on flight booking app Searching with same origin & destination city and validate results",
              "timedOut": null,
              "duration": 3142,
              "state": "passed",
              "speed": "slow",
              "pass": true,
              "fail": false,
              "pending": false,
              "context": null,
              "code": "searchFlights.visit(_testData.testData.url);\nsearchFlights.checkForImage();\nsearchFlights.enterOriginCity(_testData.testData.toCity);\nsearchFlights.enterDesitnationCity(_testData.testData.toCity);\nsearchFlights.enterTravelFromDate(_testData.testData.fromDate);\nsearchFlights.enterTravelToDate(_testData.testData.toDate);\nsearchFlights.clickSearchBtn();\nvalidateResults.validateNoResults();",
              "err": {},
              "uuid": "29373c2d-820f-47c8-b175-dd81fd8e5a4f",
              "parentUUID": "8a379d5d-8f55-4028-b244-78b41ba9d56b",
              "isHook": false,
              "skipped": false
            },
            {
              "title": "Searching with from & to date, click on direct flights only and validate results",
              "fullTitle": "Doing regression testing on flight booking app Searching with from & to date, click on direct flights only and validate results",
              "timedOut": null,
              "duration": 4553,
              "state": "passed",
              "speed": "slow",
              "pass": true,
              "fail": false,
              "pending": false,
              "context": null,
              "code": "searchFlights.visit(_testData.testData.url);\nsearchFlights.checkForImage();\nsearchFlights.enterOriginCity(_testData.testData.fromCity);\nsearchFlights.enterDesitnationCity(_testData.testData.toCity);\nsearchFlights.enterTravelFromDate(_testData.testData.fromDate);\nsearchFlights.enterTravelToDate(_testData.testData.toDate);\nsearchFlights.clickSearchBtn();\nvalidateResults.validatePageHeader();\nvalidateResults.clickOnDirectFlightsBtn();\nvalidateResults.validateFlightPrice();\nvalidateResults.validateOriginCity(_testData.testData.fromCity);\nvalidateResults.validateDestinationCity(_testData.testData.fromCity);\nvalidateResults.validateJourneyType();\nvalidateResults.validateFlightPrice();\nvalidateResults.validateFlightCarrierName();\nvalidateResults.validateLowestPriceTicket();",
              "err": {},
              "uuid": "e2b7f105-d192-4c91-ba67-ca5c1f4a2b33",
              "parentUUID": "8a379d5d-8f55-4028-b244-78b41ba9d56b",
              "isHook": false,
              "skipped": false
            },
            {
              "title": "Searching with from & to date, click on sort by price and validate results",
              "fullTitle": "Doing regression testing on flight booking app Searching with from & to date, click on sort by price and validate results",
              "timedOut": null,
              "duration": 4618,
              "state": "passed",
              "speed": "slow",
              "pass": true,
              "fail": false,
              "pending": false,
              "context": null,
              "code": "searchFlights.visit(_testData.testData.url);\nsearchFlights.checkForImage();\nsearchFlights.enterOriginCity(_testData.testData.fromCity);\nsearchFlights.enterDesitnationCity(_testData.testData.toCity);\nsearchFlights.enterTravelFromDate(_testData.testData.fromDate);\nsearchFlights.enterTravelToDate(_testData.testData.toDate);\nsearchFlights.clickSearchBtn();\nvalidateResults.validatePageHeader();\nvalidateResults.clickOnSortByPrice();\nvalidateResults.validateFlightPrice();\nvalidateResults.validateOriginCity(_testData.testData.fromCity);\nvalidateResults.validateOriginCity(_testData.testData.toCity);\nvalidateResults.validateJourneyType();\nvalidateResults.validateFlightPrice();\nvalidateResults.validateFlightCarrierName();\nvalidateResults.validateLowestPriceTicket();",
              "err": {},
              "uuid": "9c96eb9c-86e1-41f3-838c-843579beaaeb",
              "parentUUID": "8a379d5d-8f55-4028-b244-78b41ba9d56b",
              "isHook": false,
              "skipped": false
            },
            {
              "title": "Searching with from & to date, click on sort by date and validate results",
              "fullTitle": "Doing regression testing on flight booking app Searching with from & to date, click on sort by date and validate results",
              "timedOut": null,
              "duration": 4686,
              "state": "passed",
              "speed": "slow",
              "pass": true,
              "fail": false,
              "pending": false,
              "context": null,
              "code": "searchFlights.visit(_testData.testData.url);\nsearchFlights.checkForImage();\nsearchFlights.enterOriginCity(_testData.testData.fromCity);\nsearchFlights.enterDesitnationCity(_testData.testData.toCity);\nsearchFlights.enterTravelFromDate(_testData.testData.fromDate);\nsearchFlights.enterTravelToDate(_testData.testData.toDate);\nsearchFlights.clickSearchBtn();\nvalidateResults.validatePageHeader();\nvalidateResults.clickOnSortByDate();\nvalidateResults.validateFlightPrice();\nvalidateResults.validateOriginCity(_testData.testData.fromCity);\nvalidateResults.validateOriginCity(_testData.testData.toCity);\nvalidateResults.validateJourneyType();\nvalidateResults.validateFlightPrice();\nvalidateResults.validateFlightCarrierName();\nvalidateResults.validateLowestPriceTicket();",
              "err": {},
              "uuid": "c06eb5c4-8620-453b-bbe4-80370afbe813",
              "parentUUID": "8a379d5d-8f55-4028-b244-78b41ba9d56b",
              "isHook": false,
              "skipped": false
            },
            {
              "title": "Searching with from & to date, select ticket validate results",
              "fullTitle": "Doing regression testing on flight booking app Searching with from & to date, select ticket validate results",
              "timedOut": null,
              "duration": 4649,
              "state": "passed",
              "speed": "slow",
              "pass": true,
              "fail": false,
              "pending": false,
              "context": null,
              "code": "searchFlights.visit(_testData.testData.url);\nsearchFlights.checkForImage();\nsearchFlights.enterOriginCity(_testData.testData.fromCity);\nsearchFlights.enterDesitnationCity(_testData.testData.toCity);\nsearchFlights.enterTravelFromDate(_testData.testData.fromDate);\nsearchFlights.enterTravelToDate(_testData.testData.toDate);\nsearchFlights.clickSearchBtn();\nvalidateResults.validatePageHeader();\nvalidateResults.clickOnSortByDate();\nvalidateResults.validateFlightPrice();\nvalidateResults.validateOriginCity(_testData.testData.fromCity);\nvalidateResults.validateOriginCity(_testData.testData.toCity);\nvalidateResults.validateJourneyType();\nvalidateResults.validateFlightPrice();\nvalidateResults.validateFlightCarrierName();\nvalidateResults.validateLowestPriceTicket();\nvalidateResults.checkBookingAmount();",
              "err": {},
              "uuid": "7eadda0f-e14c-4f82-98ac-469f1d1a405d",
              "parentUUID": "8a379d5d-8f55-4028-b244-78b41ba9d56b",
              "isHook": false,
              "skipped": false
            },
            {
              "title": "Searching with from & to date, click on search new flight and validate results",
              "fullTitle": "Doing regression testing on flight booking app Searching with from & to date, click on search new flight and validate results",
              "timedOut": null,
              "duration": 5147,
              "state": "passed",
              "speed": "slow",
              "pass": true,
              "fail": false,
              "pending": false,
              "context": null,
              "code": "searchFlights.visit(_testData.testData.url);\nsearchFlights.checkForImage();\nsearchFlights.enterOriginCity(_testData.testData.fromCity);\nsearchFlights.enterDesitnationCity(_testData.testData.toCity);\nsearchFlights.enterTravelFromDate(_testData.testData.fromDate);\nsearchFlights.enterTravelToDate(_testData.testData.toDate);\nsearchFlights.clickSearchBtn();\nvalidateResults.validatePageHeader();\nvalidateResults.clickOnSortByDate();\nvalidateResults.validateFlightPrice();\nvalidateResults.validateOriginCity(_testData.testData.fromCity);\nvalidateResults.validateOriginCity(_testData.testData.toCity);\nvalidateResults.validateJourneyType();\nvalidateResults.validateFlightPrice();\nvalidateResults.validateFlightCarrierName();\nvalidateResults.validateLowestPriceTicket();\nvalidateResults.clickOnSearchAnotherFlight();\nsearchFlights.verifyTitle();",
              "err": {},
              "uuid": "f8723a9c-18e6-4de7-84d5-814089a41ab1",
              "parentUUID": "8a379d5d-8f55-4028-b244-78b41ba9d56b",
              "isHook": false,
              "skipped": false
            },
            {
              "title": "Verifying mandatory fields validate results",
              "fullTitle": "Doing regression testing on flight booking app Verifying mandatory fields validate results",
              "timedOut": null,
              "duration": 3223,
              "state": "passed",
              "speed": "slow",
              "pass": true,
              "fail": false,
              "pending": false,
              "context": null,
              "code": "searchFlights.visit(_testData.testData.url);\nsearchFlights.checkForImage();\nsearchFlights.verifyButtonisDisabled();\nsearchFlights.enterOriginCity(_testData.testData.fromCity);\nsearchFlights.verifyButtonisDisabled();\nsearchFlights.enterDesitnationCity(_testData.testData.toCity);\nsearchFlights.verifyButtonisDisabled();\nsearchFlights.enterTravelToDate(_testData.testData.toDate);\nsearchFlights.verifyButtonisDisabled();\nsearchFlights.enterTravelFromDate(_testData.testData.fromDate);\nsearchFlights.verifyButtonisEnabled();",
              "err": {},
              "uuid": "c14d8d5d-beb7-4cfb-a6a9-8d4c3dbbb56c",
              "parentUUID": "8a379d5d-8f55-4028-b244-78b41ba9d56b",
              "isHook": false,
              "skipped": false
            },
            {
              "title": "Move price slider and validate results",
              "fullTitle": "Doing regression testing on flight booking app Move price slider and validate results",
              "timedOut": null,
              "duration": 3761,
              "state": "passed",
              "speed": "slow",
              "pass": true,
              "fail": false,
              "pending": false,
              "context": null,
              "code": "searchFlights.visit(_testData.testData.url);\nsearchFlights.checkForImage();\nsearchFlights.enterOriginCity(_testData.testData.fromCity);\nsearchFlights.enterDesitnationCity(_testData.testData.toCity);\nsearchFlights.enterTravelFromDate(_testData.testData.fromDate);\nsearchFlights.clickSearchBtn();\nvalidateResults.validatePageHeader();\nvalidateResults.validateFlightPrice();\nvalidateResults.validateOriginCity(_testData.testData.fromCity);\nvalidateResults.validateDestinationCity(_testData.testData.toCity);\nvalidateResults.validateJourneyType();\nvalidateResults.validateFlightPrice();\nvalidateResults.validateFlightCarrierName();\nvalidateResults.validateLowestPriceTicket();\nvalidateResults.slider();",
              "err": {},
              "uuid": "6ebf76e6-7dd2-4c9d-8632-63e500b0ad65",
              "parentUUID": "8a379d5d-8f55-4028-b244-78b41ba9d56b",
              "isHook": false,
              "skipped": false
            },
            {
              "title": "Searching with from & to date, where from date > to date validate results",
              "fullTitle": "Doing regression testing on flight booking app Searching with from & to date, where from date > to date validate results",
              "timedOut": null,
              "duration": 4728,
              "state": "passed",
              "speed": "slow",
              "pass": true,
              "fail": false,
              "pending": false,
              "context": null,
              "code": "searchFlights.visit(_testData.testData.url);\nsearchFlights.checkForImage();\nsearchFlights.enterOriginCity(_testData.testData.fromCity);\nsearchFlights.enterDesitnationCity(_testData.testData.toCity);\nsearchFlights.enterTravelFromDate(_testData.testData.toDate);\nsearchFlights.enterTravelToDate(_testData.testData.fromDate);\nsearchFlights.clickSearchBtn();\nvalidateResults.validatePageHeader();\nvalidateResults.clickOnSortByDate();\nvalidateResults.validateFlightPrice();\nvalidateResults.validateOriginCity(_testData.testData.fromCity);\nvalidateResults.validateOriginCity(_testData.testData.toCity);\nvalidateResults.validateJourneyType();\nvalidateResults.validateFlightPrice();\nvalidateResults.validateFlightCarrierName();\nvalidateResults.validateLowestPriceTicket();\nvalidateResults.clickOnSearchAnotherFlight();\nsearchFlights.verifyTitle();",
              "err": {},
              "uuid": "141c2612-b7c1-4fe6-b091-435515e1c4d3",
              "parentUUID": "8a379d5d-8f55-4028-b244-78b41ba9d56b",
              "isHook": false,
              "skipped": false
            }
          ],
          "suites": [],
          "passes": [
            "728cc940-458e-4bda-96b8-b0f640593322",
            "a799b84c-4177-4cdb-a582-4d40d102420b",
            "29373c2d-820f-47c8-b175-dd81fd8e5a4f",
            "e2b7f105-d192-4c91-ba67-ca5c1f4a2b33",
            "9c96eb9c-86e1-41f3-838c-843579beaaeb",
            "c06eb5c4-8620-453b-bbe4-80370afbe813",
            "7eadda0f-e14c-4f82-98ac-469f1d1a405d",
            "f8723a9c-18e6-4de7-84d5-814089a41ab1",
            "c14d8d5d-beb7-4cfb-a6a9-8d4c3dbbb56c",
            "6ebf76e6-7dd2-4c9d-8632-63e500b0ad65",
            "141c2612-b7c1-4fe6-b091-435515e1c4d3"
          ],
          "failures": [],
          "pending": [],
          "skipped": [],
          "duration": 48758,
          "root": false,
          "rootEmpty": false,
          "_timeout": 2000
        }
      ],
      "passes": [],
      "failures": [],
      "pending": [],
      "skipped": [],
      "duration": 0,
      "root": true,
      "rootEmpty": true,
      "_timeout": 2000
    }
  ],
  "meta": {
    "mocha": {
      "version": "7.0.1"
    },
    "mochawesome": {
      "options": {
        "quiet": false,
        "reportFilename": "report",
        "saveHtml": true,
        "saveJson": true,
        "consoleReporter": "spec",
        "useInlineDiffs": false,
        "code": true
      },
      "version": "6.2.2"
    },
    "marge": {
      "options": {
        "reportDir": "cypress/reports",
        "reportFilename": "report",
        "overwrite": true,
        "html": true,
        "json": true,
        "charts": true
      },
      "version": "5.2.0"
    }
  }
}